[2020-12-18 03:12:43.456] [exthost] [info] extension host started
[2020-12-18 03:12:43.519] [exthost] [info] ExtensionService#_doActivateExtension vscode.debug-auto-launch {"startup":true,"extensionId":{"value":"vscode.debug-auto-launch","_lower":"vscode.debug-auto-launch"},"activationEvent":"*"}
[2020-12-18 03:12:43.520] [exthost] [info] ExtensionService#loadCommonJSModule file:///home/xiaoyi/.vscode-server/bin/ea3859d4ba2f3e577a159bc91e3074c5d85c0523/extensions/debug-auto-launch/dist/extension
[2020-12-18 03:12:43.531] [exthost] [info] ExtensionService#_doActivateExtension vscode.emmet {"startup":true,"extensionId":{"value":"vscode.emmet","_lower":"vscode.emmet"},"activationEvent":"*"}
[2020-12-18 03:12:43.531] [exthost] [info] ExtensionService#loadCommonJSModule file:///home/xiaoyi/.vscode-server/bin/ea3859d4ba2f3e577a159bc91e3074c5d85c0523/extensions/emmet/dist/node/emmetNodeMain
[2020-12-18 03:12:43.602] [exthost] [info] ExtensionService#_doActivateExtension vscode.git {"startup":true,"extensionId":{"value":"vscode.github","_lower":"vscode.github"},"activationEvent":"*"}
[2020-12-18 03:12:43.602] [exthost] [info] ExtensionService#loadCommonJSModule file:///home/xiaoyi/.vscode-server/bin/ea3859d4ba2f3e577a159bc91e3074c5d85c0523/extensions/git/dist/main
[2020-12-18 03:12:43.723] [exthost] [info] ExtensionService#_doActivateExtension vscode.merge-conflict {"startup":true,"extensionId":{"value":"vscode.merge-conflict","_lower":"vscode.merge-conflict"},"activationEvent":"*"}
[2020-12-18 03:12:43.723] [exthost] [info] ExtensionService#loadCommonJSModule file:///home/xiaoyi/.vscode-server/bin/ea3859d4ba2f3e577a159bc91e3074c5d85c0523/extensions/merge-conflict/dist/mergeConflictMain
[2020-12-18 03:12:43.732] [exthost] [info] ExtensionService#_doActivateExtension vscode.search-result {"startup":true,"extensionId":{"value":"vscode.search-result","_lower":"vscode.search-result"},"activationEvent":"*"}
[2020-12-18 03:12:43.732] [exthost] [info] ExtensionService#loadCommonJSModule file:///home/xiaoyi/.vscode-server/bin/ea3859d4ba2f3e577a159bc91e3074c5d85c0523/extensions/search-result/dist/extension.js
[2020-12-18 03:12:44.181] [exthost] [info] ExtensionService#_doActivateExtension vscode.github {"startup":true,"extensionId":{"value":"vscode.github","_lower":"vscode.github"},"activationEvent":"*"}
[2020-12-18 03:12:44.181] [exthost] [info] ExtensionService#loadCommonJSModule file:///home/xiaoyi/.vscode-server/bin/ea3859d4ba2f3e577a159bc91e3074c5d85c0523/extensions/github/dist/extension.js
[2020-12-18 03:12:44.289] [exthost] [info] ExtensionService#_doActivateExtension ms-vscode.js-debug {"startup":false,"extensionId":{"value":"ms-vscode.js-debug","_lower":"ms-vscode.js-debug"},"activationEvent":"onCommand:extension.js-debug.clearAutoAttachVariables"}
[2020-12-18 03:12:44.289] [exthost] [info] ExtensionService#loadCommonJSModule file:///home/xiaoyi/.vscode-server/bin/ea3859d4ba2f3e577a159bc91e3074c5d85c0523/extensions/ms-vscode.js-debug/src/extension.js
[2020-12-18 03:12:44.612] [exthost] [info] eager extensions activated
[2020-12-18 05:23:25.029] [exthost] [info] ExtensionService#_doActivateExtension vscode.configuration-editing {"startup":false,"extensionId":{"value":"vscode.configuration-editing","_lower":"vscode.configuration-editing"},"activationEvent":"onLanguage:json"}
[2020-12-18 05:23:25.029] [exthost] [info] ExtensionService#loadCommonJSModule file:///home/xiaoyi/.vscode-server/bin/ea3859d4ba2f3e577a159bc91e3074c5d85c0523/extensions/configuration-editing/dist/configurationEditingMain
[2020-12-18 05:23:25.053] [exthost] [info] ExtensionService#_doActivateExtension vscode.extension-editing {"startup":false,"extensionId":{"value":"vscode.extension-editing","_lower":"vscode.extension-editing"},"activationEvent":"onLanguage:json"}
[2020-12-18 05:23:25.053] [exthost] [info] ExtensionService#loadCommonJSModule file:///home/xiaoyi/.vscode-server/bin/ea3859d4ba2f3e577a159bc91e3074c5d85c0523/extensions/extension-editing/dist/extensionEditingMain
[2020-12-18 05:23:25.083] [exthost] [info] ExtensionService#_doActivateExtension vscode.json-language-features {"startup":false,"extensionId":{"value":"vscode.json-language-features","_lower":"vscode.json-language-features"},"activationEvent":"onLanguage:json"}
[2020-12-18 05:23:25.083] [exthost] [info] ExtensionService#loadCommonJSModule file:///home/xiaoyi/.vscode-server/bin/ea3859d4ba2f3e577a159bc91e3074c5d85c0523/extensions/json-language-features/client/dist/node/jsonClientMain
[2020-12-18 05:23:25.170] [exthost] [info] ExtensionService#_doActivateExtension vscode.npm {"startup":false,"extensionId":{"value":"vscode.npm","_lower":"vscode.npm"},"activationEvent":"onLanguage:json"}
[2020-12-18 05:23:25.171] [exthost] [info] ExtensionService#loadCommonJSModule file:///home/xiaoyi/.vscode-server/bin/ea3859d4ba2f3e577a159bc91e3074c5d85c0523/extensions/npm/dist/npmMain
[2020-12-18 05:23:57.423] [exthost] [info] ExtensionService#_doActivateExtension ms-vscode.cpptools {"startup":false,"extensionId":{"value":"ms-vscode.cpptools","_lower":"ms-vscode.cpptools"},"activationEvent":"*"}
[2020-12-18 05:23:57.423] [exthost] [info] ExtensionService#loadCommonJSModule file:///home/xiaoyi/.vscode-server/extensions/ms-vscode.cpptools-1.1.3/dist/main
[2020-12-18 05:24:13.042] [exthost] [error] [ms-vscode.cpptools] provider FAILED
[2020-12-18 05:24:13.042] [exthost] [error] undefined
[2020-12-18 05:24:27.322] [exthost] [error] [ms-vscode.cpptools] provider FAILED
[2020-12-18 05:24:27.322] [exthost] [error] undefined
[2020-12-18 05:24:34.179] [exthost] [error] [ms-vscode.cpptools] provider FAILED
[2020-12-18 05:24:34.179] [exthost] [error] undefined
[2020-12-18 05:24:40.870] [exthost] [error] [ms-vscode.cpptools] provider FAILED
[2020-12-18 05:24:40.870] [exthost] [error] undefined
[2020-12-18 05:24:45.251] [exthost] [error] [ms-vscode.cpptools] provider FAILED
[2020-12-18 05:24:45.251] [exthost] [error] undefined
[2020-12-18 05:24:56.903] [exthost] [error] [ms-vscode.cpptools] provider FAILED
[2020-12-18 05:24:56.903] [exthost] [error] undefined
[2020-12-18 08:44:03.177] [exthost] [info] ExtensionService#_doActivateExtension vscode.typescript-language-features {"startup":false,"extensionId":{"value":"vscode.typescript-language-features","_lower":"vscode.typescript-language-features"},"activationEvent":"onLanguage:jsonc"}
[2020-12-18 08:44:03.179] [exthost] [info] ExtensionService#loadCommonJSModule file:///home/xiaoyi/.vscode-server/bin/ea3859d4ba2f3e577a159bc91e3074c5d85c0523/extensions/typescript-language-features/dist/extension
